<?xml version="1.0" encoding="UTF-8"?>
<testsuite xmlns:xsi="http://www.w3.org/2001/XMLSchema-instance" xsi:noNamespaceSchemaLocation="https://maven.apache.org/surefire/maven-surefire-plugin/xsd/surefire-test-report.xsd" version="3.0.2" name="com.example.elektronski_karton_servis.Controller.KorisnikKontrolerTest" time="0.759" tests="11" errors="0" skipped="0" failures="0">
  <properties>
[...]
</properties>
  <testcase name="bySadrzaj" classname="com.example.elektronski_karton_servis.Controller.KorisnikKontrolerTest" time="0.034">
    <system-out><![CDATA[2025-04-30T09:46:58.920+02:00  INFO 35208 --- [elektronski-karton-servis] [           main] t.c.s.AnnotationConfigContextLoaderUtils : Could not detect default configuration classes for test class [com.example.elektronski_karton_servis.Controller.KorisnikKontrolerTest]: KorisnikKontrolerTest does not declare any static, non-private, non-final, nested classes annotated with @Configuration.
2025-04-30T09:46:58.951+02:00  INFO 35208 --- [elektronski-karton-servis] [           main] .b.t.c.SpringBootTestContextBootstrapper : Found @SpringBootConfiguration com.example.elektronski_karton_servis.ElektronskiKartonServisApplication for test class com.example.elektronski_karton_servis.Controller.KorisnikKontrolerTest

  .   ____          _            __ _ _
 /\\ / ___'_ __ _ _(_)_ __  __ _ \ \ \ \
( ( )\___ | '_ | '_| | '_ \/ _` | \ \ \ \
 \\/  ___)| |_)| | | | | || (_| |  ) ) ) )
  '  |____| .__|_| |_|_| |_\__, | / / / /
 =========|_|==============|___/=/_/_/_/

 :: Spring Boot ::                (v3.4.3)

2025-04-30T09:46:59.000+02:00  INFO 35208 --- [elektronski-karton-servis] [           main] c.e.e.Controller.KorisnikKontrolerTest   : Starting KorisnikKontrolerTest using Java 22.0.1 with PID 35208 (started by DT User in C:\Users\DT User\Desktop\hospital-management\EMR)
2025-04-30T09:46:59.001+02:00 DEBUG 35208 --- [elektronski-karton-servis] [           main] c.e.e.Controller.KorisnikKontrolerTest   : Running with Spring Boot v3.4.3, Spring v6.2.3
2025-04-30T09:46:59.001+02:00  INFO 35208 --- [elektronski-karton-servis] [           main] c.e.e.Controller.KorisnikKontrolerTest   : No active profile set, falling back to 1 default profile: "default"
2025-04-30T09:46:59.005+02:00 DEBUG 35208 --- [elektronski-karton-servis] [           main] o.s.w.c.s.GenericWebApplicationContext   : Refreshing org.springframework.web.context.support.GenericWebApplicationContext@7e94de5f
2025-04-30T09:46:59.325+02:00  INFO 35208 --- [elektronski-karton-servis] [           main] o.s.b.a.w.s.WelcomePageHandlerMapping    : Adding welcome page: class path resource [static/index.html]
2025-04-30T09:46:59.346+02:00 DEBUG 35208 --- [elektronski-karton-servis] [           main] s.w.s.m.m.a.RequestMappingHandlerMapping : 12 mappings in 'requestMappingHandlerMapping'
2025-04-30T09:46:59.366+02:00 DEBUG 35208 --- [elektronski-karton-servis] [           main] o.s.w.s.handler.SimpleUrlHandlerMapping  : Patterns [/webjars/**, /**] in 'resourceHandlerMapping'
2025-04-30T09:46:59.376+02:00 DEBUG 35208 --- [elektronski-karton-servis] [           main] s.w.s.m.m.a.RequestMappingHandlerAdapter : ControllerAdvice beans: 0 @ModelAttribute, 0 @InitBinder, 1 RequestBodyAdvice, 1 ResponseBodyAdvice
2025-04-30T09:46:59.380+02:00 DEBUG 35208 --- [elektronski-karton-servis] [           main] .m.m.a.ExceptionHandlerExceptionResolver : ControllerAdvice beans: 1 @ExceptionHandler, 1 ResponseBodyAdvice
2025-04-30T09:46:59.416+02:00  INFO 35208 --- [elektronski-karton-servis] [           main] o.s.b.t.m.w.SpringBootMockServletContext : Initializing Spring TestDispatcherServlet ''
2025-04-30T09:46:59.416+02:00  INFO 35208 --- [elektronski-karton-servis] [           main] o.s.t.web.servlet.TestDispatcherServlet  : Initializing Servlet ''
2025-04-30T09:46:59.417+02:00  INFO 35208 --- [elektronski-karton-servis] [           main] o.s.t.web.servlet.TestDispatcherServlet  : Completed initialization in 1 ms
2025-04-30T09:46:59.425+02:00  INFO 35208 --- [elektronski-karton-servis] [           main] c.e.e.Controller.KorisnikKontrolerTest   : Started KorisnikKontrolerTest in 0.467 seconds (process running for 7.097)
2025-04-30T09:46:59.440+02:00 DEBUG 35208 --- [elektronski-karton-servis] [           main] s.w.s.m.m.a.RequestMappingHandlerMapping : Mapped to com.example.elektronski_karton_servis.Controller.KorisnikKontroler#findByImeIliPrezimeSadrzi(String)
2025-04-30T09:46:59.456+02:00 DEBUG 35208 --- [elektronski-karton-servis] [           main] o.s.w.s.m.m.a.HttpEntityMethodProcessor  : Using 'application/json', given [*/*] and supported [application/json, application/*+json]
2025-04-30T09:46:59.456+02:00 DEBUG 35208 --- [elektronski-karton-servis] [           main] o.s.w.s.m.m.a.HttpEntityMethodProcessor  : Writing [[com.example.elektronski_karton_servis.model.Korisnik@341964d0]]
]]></system-out>
  </testcase>
  <testcase name="update" classname="com.example.elektronski_karton_servis.Controller.KorisnikKontrolerTest" time="0.026">
    <system-out><![CDATA[2025-04-30T09:46:59.473+02:00 DEBUG 35208 --- [elektronski-karton-servis] [           main] s.w.s.m.m.a.RequestMappingHandlerMapping : Mapped to com.example.elektronski_karton_servis.Controller.KorisnikKontroler#replaceKorisnik(Korisnik, Integer)
2025-04-30T09:46:59.477+02:00 DEBUG 35208 --- [elektronski-karton-servis] [           main] m.m.a.RequestResponseBodyMethodProcessor : Read "application/json;charset=UTF-8" to [com.example.elektronski_karton_servis.model.Korisnik@7b10472e]
2025-04-30T09:46:59.490+02:00 DEBUG 35208 --- [elektronski-karton-servis] [           main] o.s.w.s.m.m.a.HttpEntityMethodProcessor  : Using 'application/json', given [*/*] and supported [application/json, application/*+json]
2025-04-30T09:46:59.490+02:00 DEBUG 35208 --- [elektronski-karton-servis] [           main] o.s.w.s.m.m.a.HttpEntityMethodProcessor  : Writing [com.example.elektronski_karton_servis.model.Korisnik@61c58320]
]]></system-out>
  </testcase>
  <testcase name="delete_ok" classname="com.example.elektronski_karton_servis.Controller.KorisnikKontrolerTest" time="0.009">
    <system-out><![CDATA[2025-04-30T09:46:59.498+02:00 DEBUG 35208 --- [elektronski-karton-servis] [           main] s.w.s.m.m.a.RequestMappingHandlerMapping : Mapped to com.example.elektronski_karton_servis.Controller.KorisnikKontroler#deleteKorisnik(Integer)
2025-04-30T09:46:59.500+02:00 DEBUG 35208 --- [elektronski-karton-servis] [           main] o.s.w.s.m.m.a.HttpEntityMethodProcessor  : Using 'application/octet-stream', given [*/*] and supported [*/*]
]]></system-out>
  </testcase>
  <testcase name="all" classname="com.example.elektronski_karton_servis.Controller.KorisnikKontrolerTest" time="0.041">
    <system-out><![CDATA[2025-04-30T09:46:59.508+02:00 DEBUG 35208 --- [elektronski-karton-servis] [           main] s.w.s.m.m.a.RequestMappingHandlerMapping : Mapped to com.example.elektronski_karton_servis.Controller.KorisnikKontroler#all()
2025-04-30T09:46:59.529+02:00 DEBUG 35208 --- [elektronski-karton-servis] [           main] m.m.a.RequestResponseBodyMethodProcessor : Using 'application/hal+json', given [*/*] and supported [application/hal+json, application/json, application/*+json]
2025-04-30T09:46:59.532+02:00 DEBUG 35208 --- [elektronski-karton-servis] [           main] m.m.a.RequestResponseBodyMethodProcessor : Writing [CollectionModel { content: [EntityModel { content: com.example.elektronski_karton_servis.model.Koris (truncated)...]
]]></system-out>
  </testcase>
  <testcase name="byUloga" classname="com.example.elektronski_karton_servis.Controller.KorisnikKontrolerTest" time="0.009">
    <system-out><![CDATA[2025-04-30T09:46:59.552+02:00 DEBUG 35208 --- [elektronski-karton-servis] [           main] s.w.s.m.m.a.RequestMappingHandlerMapping : Mapped to com.example.elektronski_karton_servis.Controller.KorisnikKontroler#findByUloga(Integer)
2025-04-30T09:46:59.553+02:00 DEBUG 35208 --- [elektronski-karton-servis] [           main] o.s.w.s.m.m.a.HttpEntityMethodProcessor  : Using 'application/json', given [*/*] and supported [application/json, application/*+json]
2025-04-30T09:46:59.554+02:00 DEBUG 35208 --- [elektronski-karton-servis] [           main] o.s.w.s.m.m.a.HttpEntityMethodProcessor  : Writing [[com.example.elektronski_karton_servis.model.Korisnik@73852720]]
]]></system-out>
  </testcase>
  <testcase name="create_invalid" classname="com.example.elektronski_karton_servis.Controller.KorisnikKontrolerTest" time="0.028">
    <system-out><![CDATA[2025-04-30T09:46:59.564+02:00 DEBUG 35208 --- [elektronski-karton-servis] [           main] s.w.s.m.m.a.RequestMappingHandlerMapping : Mapped to com.example.elektronski_karton_servis.Controller.KorisnikKontroler#newKorisnik(Korisnik)
2025-04-30T09:46:59.566+02:00 DEBUG 35208 --- [elektronski-karton-servis] [           main] m.m.a.RequestResponseBodyMethodProcessor : Read "application/json;charset=UTF-8" to [com.example.elektronski_karton_servis.model.Korisnik@5f35370b]
2025-04-30T09:46:59.578+02:00 DEBUG 35208 --- [elektronski-karton-servis] [           main] .m.m.a.ExceptionHandlerExceptionResolver : Using @ExceptionHandler com.example.elektronski_karton_servis.Exception.GlobalExceptionHandler#handleValidationException(MethodArgumentNotValidException)
2025-04-30T09:46:59.582+02:00 DEBUG 35208 --- [elektronski-karton-servis] [           main] m.m.a.RequestResponseBodyMethodProcessor : Using 'application/json', given [*/*] and supported [application/json, application/*+json]
2025-04-30T09:46:59.582+02:00 DEBUG 35208 --- [elektronski-karton-servis] [           main] m.m.a.RequestResponseBodyMethodProcessor : Writing [com.example.elektronski_karton_servis.Exception.ErrorResponse@18209303]
2025-04-30T09:46:59.583+02:00 DEBUG 35208 --- [elektronski-karton-servis] [           main] .m.m.a.ExceptionHandlerExceptionResolver : Resolved [org.springframework.web.bind.MethodArgumentNotValidException: Validation failed for argument [0] in public org.springframework.http.ResponseEntity<?> com.example.elektronski_karton_servis.Controller.KorisnikKontroler.newKorisnik(com.example.elektronski_karton_servis.model.Korisnik) with 4 errors: [Field error in object 'korisnik' on field 'prezime': rejected value []; codes [NotBlank.korisnik.prezime,NotBlank.prezime,NotBlank.java.lang.String,NotBlank]; arguments [org.springframework.context.support.DefaultMessageSourceResolvable: codes [korisnik.prezime,prezime]; arguments []; default message [prezime]]; default message [Prezime je obavezno]] [Field error in object 'korisnik' on field 'email': rejected value []; codes [NotBlank.korisnik.email,NotBlank.email,NotBlank.java.lang.String,NotBlank]; arguments [org.springframework.context.support.DefaultMessageSourceResolvable: codes [korisnik.email,email]; arguments []; default message [email]]; default message [Prezime je obavezno]] [Field error in object 'korisnik' on field 'ime': rejected value []; codes [NotBlank.korisnik.ime,NotBlank.ime,NotBlank.java.lang.String,NotBlank]; arguments [org.springframework.context.support.DefaultMessageSourceResolvable: codes [korisnik.ime,ime]; arguments []; default message [ime]]; default message [Ime je obavezno]] [Field error in object 'korisnik' on field 'lozinka': rejected value []; codes [NotBlank.korisnik.lozinka,NotBlank.lozinka,NotBlank.java.lang.String,NotBlank]; arguments [org.springframework.context.support.DefaultMessageSourceResolvable: codes [korisnik.lozinka,lozinka]; arguments []; default message [lozinka]]; default message [Lozinka je obavezna]] ]
]]></system-out>
  </testcase>
  <testcase name="byImePrezime" classname="com.example.elektronski_karton_servis.Controller.KorisnikKontrolerTest" time="0.01">
    <system-out><![CDATA[2025-04-30T09:46:59.593+02:00 DEBUG 35208 --- [elektronski-karton-servis] [           main] s.w.s.m.m.a.RequestMappingHandlerMapping : Mapped to com.example.elektronski_karton_servis.Controller.KorisnikKontroler#findByImePrezime(String, String)
2025-04-30T09:46:59.596+02:00 DEBUG 35208 --- [elektronski-karton-servis] [           main] o.s.w.s.m.m.a.HttpEntityMethodProcessor  : Using 'application/json', given [*/*] and supported [application/json, application/*+json]
2025-04-30T09:46:59.596+02:00 DEBUG 35208 --- [elektronski-karton-servis] [           main] o.s.w.s.m.m.a.HttpEntityMethodProcessor  : Writing [[com.example.elektronski_karton_servis.model.Korisnik@14b9df65]]
]]></system-out>
  </testcase>
  <testcase name="create_valid" classname="com.example.elektronski_karton_servis.Controller.KorisnikKontrolerTest" time="0.018">
    <system-out><![CDATA[2025-04-30T09:46:59.606+02:00 DEBUG 35208 --- [elektronski-karton-servis] [           main] s.w.s.m.m.a.RequestMappingHandlerMapping : Mapped to com.example.elektronski_karton_servis.Controller.KorisnikKontroler#newKorisnik(Korisnik)
2025-04-30T09:46:59.607+02:00 DEBUG 35208 --- [elektronski-karton-servis] [           main] m.m.a.RequestResponseBodyMethodProcessor : Read "application/json;charset=UTF-8" to [com.example.elektronski_karton_servis.model.Korisnik@3b046e64]
2025-04-30T09:46:59.614+02:00 DEBUG 35208 --- [elektronski-karton-servis] [           main] o.s.w.s.m.m.a.HttpEntityMethodProcessor  : Using 'application/hal+json', given [*/*] and supported [application/hal+json, application/json, application/*+json]
2025-04-30T09:46:59.615+02:00 DEBUG 35208 --- [elektronski-karton-servis] [           main] o.s.w.s.m.m.a.HttpEntityMethodProcessor  : Writing [EntityModel { content: com.example.elektronski_karton_servis.model.Korisnik@3a239dac, links: [<http: (truncated)...]
]]></system-out>
  </testcase>
  <testcase name="one_found" classname="com.example.elektronski_karton_servis.Controller.KorisnikKontrolerTest" time="0.014">
    <system-out><![CDATA[2025-04-30T09:46:59.626+02:00 DEBUG 35208 --- [elektronski-karton-servis] [           main] s.w.s.m.m.a.RequestMappingHandlerMapping : Mapped to com.example.elektronski_karton_servis.Controller.KorisnikKontroler#one(Integer)
2025-04-30T09:46:59.631+02:00 DEBUG 35208 --- [elektronski-karton-servis] [           main] m.m.a.RequestResponseBodyMethodProcessor : Using 'application/hal+json', given [*/*] and supported [application/hal+json, application/json, application/*+json]
2025-04-30T09:46:59.632+02:00 DEBUG 35208 --- [elektronski-karton-servis] [           main] m.m.a.RequestResponseBodyMethodProcessor : Writing [EntityModel { content: com.example.elektronski_karton_servis.model.Korisnik@1479ed5a, links: [<http: (truncated)...]
]]></system-out>
  </testcase>
  <testcase name="getPaged" classname="com.example.elektronski_karton_servis.Controller.KorisnikKontrolerTest" time="0.026">
    <system-out><![CDATA[2025-04-30T09:46:59.646+02:00 DEBUG 35208 --- [elektronski-karton-servis] [           main] s.w.s.m.m.a.RequestMappingHandlerMapping : Mapped to com.example.elektronski_karton_servis.Controller.KorisnikKontroler#getAllKorisniciPaged(int, int, String[])
2025-04-30T09:46:59.653+02:00  WARN 35208 --- [elektronski-karton-servis] [           main] ration$PageModule$WarningLoggingModifier : Serializing PageImpl instances as-is is not supported, meaning that there is no guarantee about the stability of the resulting JSON structure!
	For a stable JSON structure, please use Spring Data's PagedModel (globally via @EnableSpringDataWebSupport(pageSerializationMode = VIA_DTO))
	or Spring HATEOAS and Spring Data's PagedResourcesAssembler as documented in https://docs.spring.io/spring-data/commons/reference/repositories/core-extensions.html#core.web.pageables.

2025-04-30T09:46:59.656+02:00 DEBUG 35208 --- [elektronski-karton-servis] [           main] o.s.w.s.m.m.a.HttpEntityMethodProcessor  : Using 'application/json', given [*/*] and supported [application/json, application/*+json]
2025-04-30T09:46:59.657+02:00 DEBUG 35208 --- [elektronski-karton-servis] [           main] o.s.w.s.m.m.a.HttpEntityMethodProcessor  : Writing [Page 1 of 1 containing com.example.elektronski_karton_servis.model.Korisnik instances]
]]></system-out>
  </testcase>
  <testcase name="one_not_found" classname="com.example.elektronski_karton_servis.Controller.KorisnikKontrolerTest" time="0.008">
    <system-out><![CDATA[2025-04-30T09:46:59.670+02:00 DEBUG 35208 --- [elektronski-karton-servis] [           main] s.w.s.m.m.a.RequestMappingHandlerMapping : Mapped to com.example.elektronski_karton_servis.Controller.KorisnikKontroler#one(Integer)
2025-04-30T09:46:59.672+02:00 DEBUG 35208 --- [elektronski-karton-servis] [           main] .m.m.a.ExceptionHandlerExceptionResolver : Using @ExceptionHandler com.example.elektronski_karton_servis.Exception.GlobalExceptionHandler#korisnikNotFoundHandler(KorisnikNotFoundException)
2025-04-30T09:46:59.672+02:00 DEBUG 35208 --- [elektronski-karton-servis] [           main] m.m.a.RequestResponseBodyMethodProcessor : Using 'application/json', given [*/*] and supported [application/json, application/*+json]
2025-04-30T09:46:59.672+02:00 DEBUG 35208 --- [elektronski-karton-servis] [           main] m.m.a.RequestResponseBodyMethodProcessor : Writing [com.example.elektronski_karton_servis.Exception.ErrorResponse@78508e6b]
2025-04-30T09:46:59.673+02:00 DEBUG 35208 --- [elektronski-karton-servis] [           main] .m.m.a.ExceptionHandlerExceptionResolver : Resolved [com.example.elektronski_karton_servis.Exception.KorisnikNotFoundException: Korisnik sa ID 1 nije pronađen.]
]]></system-out>
  </testcase>
</testsuite>