<?xml version="1.0" encoding="UTF-8"?>
<testsuite xmlns:xsi="http://www.w3.org/2001/XMLSchema-instance" xsi:noNamespaceSchemaLocation="https://maven.apache.org/surefire/maven-surefire-plugin/xsd/surefire-test-report.xsd" version="3.0.2" name="com.example.elektronski_karton_servis.Controller.RoleKontrolerTest" time="0.621" tests="9" errors="0" skipped="0" failures="0">
  <properties>
[...]
</properties>
  <testcase name="create" classname="com.example.elektronski_karton_servis.Controller.RoleKontrolerTest" time="0.04">
    <system-out><![CDATA[2025-04-30T09:46:59.708+02:00  INFO 35208 --- [elektronski-karton-servis] [           main] .b.t.c.SpringBootTestContextBootstrapper : Found @SpringBootConfiguration com.example.elektronski_karton_servis.ElektronskiKartonServisApplication for test class com.example.elektronski_karton_servis.Controller.RoleKontrolerTest

  .   ____          _            __ _ _
 /\\ / ___'_ __ _ _(_)_ __  __ _ \ \ \ \
( ( )\___ | '_ | '_| | '_ \/ _` | \ \ \ \
 \\/  ___)| |_)| | | | | || (_| |  ) ) ) )
  '  |____| .__|_| |_|_| |_\__, | / / / /
 =========|_|==============|___/=/_/_/_/

 :: Spring Boot ::                (v3.4.3)

2025-04-30T09:46:59.747+02:00  INFO 35208 --- [elektronski-karton-servis] [           main] c.e.e.Controller.RoleKontrolerTest       : Starting RoleKontrolerTest using Java 22.0.1 with PID 35208 (started by DT User in C:\Users\DT User\Desktop\hospital-management\EMR)
2025-04-30T09:46:59.747+02:00 DEBUG 35208 --- [elektronski-karton-servis] [           main] c.e.e.Controller.RoleKontrolerTest       : Running with Spring Boot v3.4.3, Spring v6.2.3
2025-04-30T09:46:59.747+02:00  INFO 35208 --- [elektronski-karton-servis] [           main] c.e.e.Controller.RoleKontrolerTest       : No active profile set, falling back to 1 default profile: "default"
2025-04-30T09:46:59.751+02:00 DEBUG 35208 --- [elektronski-karton-servis] [           main] o.s.w.c.s.GenericWebApplicationContext   : Refreshing org.springframework.web.context.support.GenericWebApplicationContext@3a5e4f32
2025-04-30T09:47:00.069+02:00  INFO 35208 --- [elektronski-karton-servis] [           main] o.s.b.a.w.s.WelcomePageHandlerMapping    : Adding welcome page: class path resource [static/index.html]
2025-04-30T09:47:00.081+02:00 DEBUG 35208 --- [elektronski-karton-servis] [           main] s.w.s.m.m.a.RequestMappingHandlerMapping : 7 mappings in 'requestMappingHandlerMapping'
2025-04-30T09:47:00.098+02:00 DEBUG 35208 --- [elektronski-karton-servis] [           main] o.s.w.s.handler.SimpleUrlHandlerMapping  : Patterns [/webjars/**, /**] in 'resourceHandlerMapping'
2025-04-30T09:47:00.106+02:00 DEBUG 35208 --- [elektronski-karton-servis] [           main] s.w.s.m.m.a.RequestMappingHandlerAdapter : ControllerAdvice beans: 0 @ModelAttribute, 0 @InitBinder, 1 RequestBodyAdvice, 1 ResponseBodyAdvice
2025-04-30T09:47:00.109+02:00 DEBUG 35208 --- [elektronski-karton-servis] [           main] .m.m.a.ExceptionHandlerExceptionResolver : ControllerAdvice beans: 1 @ExceptionHandler, 1 ResponseBodyAdvice
2025-04-30T09:47:00.144+02:00  INFO 35208 --- [elektronski-karton-servis] [           main] o.s.b.t.m.w.SpringBootMockServletContext : Initializing Spring TestDispatcherServlet ''
2025-04-30T09:47:00.145+02:00  INFO 35208 --- [elektronski-karton-servis] [           main] o.s.t.web.servlet.TestDispatcherServlet  : Initializing Servlet ''
2025-04-30T09:47:00.145+02:00  INFO 35208 --- [elektronski-karton-servis] [           main] o.s.t.web.servlet.TestDispatcherServlet  : Completed initialization in 0 ms
2025-04-30T09:47:00.151+02:00  INFO 35208 --- [elektronski-karton-servis] [           main] c.e.e.Controller.RoleKontrolerTest       : Started RoleKontrolerTest in 0.438 seconds (process running for 7.823)
2025-04-30T09:47:00.160+02:00 DEBUG 35208 --- [elektronski-karton-servis] [           main] s.w.s.m.m.a.RequestMappingHandlerMapping : Mapped to com.example.elektronski_karton_servis.Controller.RoleKontroler#newRole(Role)
2025-04-30T09:47:00.164+02:00 DEBUG 35208 --- [elektronski-karton-servis] [           main] m.m.a.RequestResponseBodyMethodProcessor : Read "application/json;charset=UTF-8" to [com.example.elektronski_karton_servis.model.Role@291028d7]
2025-04-30T09:47:00.184+02:00 DEBUG 35208 --- [elektronski-karton-servis] [           main] o.s.w.s.m.m.a.HttpEntityMethodProcessor  : Using 'application/hal+json', given [*/*] and supported [application/hal+json, application/json, application/*+json]
2025-04-30T09:47:00.186+02:00 DEBUG 35208 --- [elektronski-karton-servis] [           main] o.s.w.s.m.m.a.HttpEntityMethodProcessor  : Writing [EntityModel { content: com.example.elektronski_karton_servis.model.Role@363ba634, links: [<http://lo (truncated)...]
]]></system-out>
  </testcase>
  <testcase name="delete_found_conflict" classname="com.example.elektronski_karton_servis.Controller.RoleKontrolerTest" time="0.012">
    <system-out><![CDATA[2025-04-30T09:47:00.200+02:00 DEBUG 35208 --- [elektronski-karton-servis] [           main] s.w.s.m.m.a.RequestMappingHandlerMapping : Mapped to com.example.elektronski_karton_servis.Controller.RoleKontroler#deleteRole(Integer)
2025-04-30T09:47:00.203+02:00 DEBUG 35208 --- [elektronski-karton-servis] [           main] o.s.w.s.m.m.a.HttpEntityMethodProcessor  : Using 'text/plain', given [*/*] and supported [text/plain, */*, application/json, application/*+json]
2025-04-30T09:47:00.204+02:00 DEBUG 35208 --- [elektronski-karton-servis] [           main] o.s.w.s.m.m.a.HttpEntityMethodProcessor  : Writing ["Uloga se ne može izbrisati jer je povezana s korisnicima."]
]]></system-out>
  </testcase>
  <testcase name="update_found" classname="com.example.elektronski_karton_servis.Controller.RoleKontrolerTest" time="0.015">
    <system-out><![CDATA[2025-04-30T09:47:00.214+02:00 DEBUG 35208 --- [elektronski-karton-servis] [           main] s.w.s.m.m.a.RequestMappingHandlerMapping : Mapped to com.example.elektronski_karton_servis.Controller.RoleKontroler#replaceRole(Role, Integer)
2025-04-30T09:47:00.216+02:00 DEBUG 35208 --- [elektronski-karton-servis] [           main] m.m.a.RequestResponseBodyMethodProcessor : Read "application/json;charset=UTF-8" to [com.example.elektronski_karton_servis.model.Role@1331d6fd]
2025-04-30T09:47:00.222+02:00 DEBUG 35208 --- [elektronski-karton-servis] [           main] o.s.w.s.m.m.a.HttpEntityMethodProcessor  : Using 'application/json', given [*/*] and supported [application/json, application/*+json]
2025-04-30T09:47:00.222+02:00 DEBUG 35208 --- [elektronski-karton-servis] [           main] o.s.w.s.m.m.a.HttpEntityMethodProcessor  : Writing [com.example.elektronski_karton_servis.model.Role@7120daa6]
]]></system-out>
  </testcase>
  <testcase name="all" classname="com.example.elektronski_karton_servis.Controller.RoleKontrolerTest" time="0.017">
    <system-out><![CDATA[2025-04-30T09:47:00.228+02:00 DEBUG 35208 --- [elektronski-karton-servis] [           main] s.w.s.m.m.a.RequestMappingHandlerMapping : Mapped to com.example.elektronski_karton_servis.Controller.RoleKontroler#all()
2025-04-30T09:47:00.236+02:00 DEBUG 35208 --- [elektronski-karton-servis] [           main] m.m.a.RequestResponseBodyMethodProcessor : Using 'application/hal+json', given [*/*] and supported [application/hal+json, application/json, application/*+json]
2025-04-30T09:47:00.239+02:00 DEBUG 35208 --- [elektronski-karton-servis] [           main] m.m.a.RequestResponseBodyMethodProcessor : Writing [CollectionModel { content: [EntityModel { content: com.example.elektronski_karton_servis.model.Role@ (truncated)...]
]]></system-out>
  </testcase>
  <testcase name="delete_not_found" classname="com.example.elektronski_karton_servis.Controller.RoleKontrolerTest" time="0.01">
    <system-out><![CDATA[2025-04-30T09:47:00.249+02:00 DEBUG 35208 --- [elektronski-karton-servis] [           main] s.w.s.m.m.a.RequestMappingHandlerMapping : Mapped to com.example.elektronski_karton_servis.Controller.RoleKontroler#deleteRole(Integer)
2025-04-30T09:47:00.250+02:00 DEBUG 35208 --- [elektronski-karton-servis] [           main] .m.m.a.ExceptionHandlerExceptionResolver : Using @ExceptionHandler com.example.elektronski_karton_servis.Exception.GlobalExceptionHandler#roleNotFoundHandler(RoleNotFoundException)
2025-04-30T09:47:00.252+02:00 DEBUG 35208 --- [elektronski-karton-servis] [           main] m.m.a.RequestResponseBodyMethodProcessor : Using 'application/json', given [*/*] and supported [application/json, application/*+json]
2025-04-30T09:47:00.253+02:00 DEBUG 35208 --- [elektronski-karton-servis] [           main] m.m.a.RequestResponseBodyMethodProcessor : Writing [com.example.elektronski_karton_servis.Exception.ErrorResponse@53917c92]
2025-04-30T09:47:00.253+02:00 DEBUG 35208 --- [elektronski-karton-servis] [           main] .m.m.a.ExceptionHandlerExceptionResolver : Resolved [com.example.elektronski_karton_servis.Exception.RoleNotFoundException: Uloga sa ID 1 nije pronađena.]
]]></system-out>
  </testcase>
  <testcase name="update_not_found" classname="com.example.elektronski_karton_servis.Controller.RoleKontrolerTest" time="0.013">
    <system-out><![CDATA[2025-04-30T09:47:00.262+02:00 DEBUG 35208 --- [elektronski-karton-servis] [           main] s.w.s.m.m.a.RequestMappingHandlerMapping : Mapped to com.example.elektronski_karton_servis.Controller.RoleKontroler#replaceRole(Role, Integer)
2025-04-30T09:47:00.262+02:00 DEBUG 35208 --- [elektronski-karton-servis] [           main] m.m.a.RequestResponseBodyMethodProcessor : Read "application/json;charset=UTF-8" to [com.example.elektronski_karton_servis.model.Role@1fa796a4]
2025-04-30T09:47:00.265+02:00 DEBUG 35208 --- [elektronski-karton-servis] [           main] .m.m.a.ExceptionHandlerExceptionResolver : Using @ExceptionHandler com.example.elektronski_karton_servis.Exception.GlobalExceptionHandler#roleNotFoundHandler(RoleNotFoundException)
2025-04-30T09:47:00.266+02:00 DEBUG 35208 --- [elektronski-karton-servis] [           main] m.m.a.RequestResponseBodyMethodProcessor : Using 'application/json', given [*/*] and supported [application/json, application/*+json]
2025-04-30T09:47:00.266+02:00 DEBUG 35208 --- [elektronski-karton-servis] [           main] m.m.a.RequestResponseBodyMethodProcessor : Writing [com.example.elektronski_karton_servis.Exception.ErrorResponse@68de8522]
2025-04-30T09:47:00.267+02:00 DEBUG 35208 --- [elektronski-karton-servis] [           main] .m.m.a.ExceptionHandlerExceptionResolver : Resolved [com.example.elektronski_karton_servis.Exception.RoleNotFoundException: Uloga sa ID 1 nije pronađena.]
]]></system-out>
  </testcase>
  <testcase name="delete_found_success" classname="com.example.elektronski_karton_servis.Controller.RoleKontrolerTest" time="0.006">
    <system-out><![CDATA[2025-04-30T09:47:00.274+02:00 DEBUG 35208 --- [elektronski-karton-servis] [           main] s.w.s.m.m.a.RequestMappingHandlerMapping : Mapped to com.example.elektronski_karton_servis.Controller.RoleKontroler#deleteRole(Integer)
2025-04-30T09:47:00.275+02:00 DEBUG 35208 --- [elektronski-karton-servis] [           main] o.s.w.s.m.m.a.HttpEntityMethodProcessor  : Using 'application/octet-stream', given [*/*] and supported [*/*]
]]></system-out>
  </testcase>
  <testcase name="one_found" classname="com.example.elektronski_karton_servis.Controller.RoleKontrolerTest" time="0.01">
    <system-out><![CDATA[2025-04-30T09:47:00.282+02:00 DEBUG 35208 --- [elektronski-karton-servis] [           main] s.w.s.m.m.a.RequestMappingHandlerMapping : Mapped to com.example.elektronski_karton_servis.Controller.RoleKontroler#one(Integer)
2025-04-30T09:47:00.286+02:00 DEBUG 35208 --- [elektronski-karton-servis] [           main] m.m.a.RequestResponseBodyMethodProcessor : Using 'application/hal+json', given [*/*] and supported [application/hal+json, application/json, application/*+json]
2025-04-30T09:47:00.286+02:00 DEBUG 35208 --- [elektronski-karton-servis] [           main] m.m.a.RequestResponseBodyMethodProcessor : Writing [EntityModel { content: com.example.elektronski_karton_servis.model.Role@73c09a98, links: [<http://lo (truncated)...]
]]></system-out>
  </testcase>
  <testcase name="one_not_found" classname="com.example.elektronski_karton_servis.Controller.RoleKontrolerTest" time="0.01">
    <system-out><![CDATA[2025-04-30T09:47:00.294+02:00 DEBUG 35208 --- [elektronski-karton-servis] [           main] s.w.s.m.m.a.RequestMappingHandlerMapping : Mapped to com.example.elektronski_karton_servis.Controller.RoleKontroler#one(Integer)
2025-04-30T09:47:00.295+02:00 DEBUG 35208 --- [elektronski-karton-servis] [           main] .m.m.a.ExceptionHandlerExceptionResolver : Using @ExceptionHandler com.example.elektronski_karton_servis.Exception.GlobalExceptionHandler#roleNotFoundHandler(RoleNotFoundException)
2025-04-30T09:47:00.296+02:00 DEBUG 35208 --- [elektronski-karton-servis] [           main] m.m.a.RequestResponseBodyMethodProcessor : Using 'application/json', given [*/*] and supported [application/json, application/*+json]
2025-04-30T09:47:00.296+02:00 DEBUG 35208 --- [elektronski-karton-servis] [           main] m.m.a.RequestResponseBodyMethodProcessor : Writing [com.example.elektronski_karton_servis.Exception.ErrorResponse@6f2bf657]
2025-04-30T09:47:00.297+02:00 DEBUG 35208 --- [elektronski-karton-servis] [           main] .m.m.a.ExceptionHandlerExceptionResolver : Resolved [com.example.elektronski_karton_servis.Exception.RoleNotFoundException: Uloga sa ID 1 nije pronađena.]
]]></system-out>
  </testcase>
</testsuite>